<?xml version="1.0" encoding="UTF-8"?>
<testsuite name="com.aymanmadkour.datagen.RecordGenTest" tests="2" skipped="0" failures="0" errors="0" timestamp="2021-03-08T17:41:10" hostname="aymanmadkour" time="0.038">
  <properties/>
  <testcase name="testGeneration" classname="com.aymanmadkour.datagen.RecordGenTest" time="0.026"/>
  <testcase name="testUnique" classname="com.aymanmadkour.datagen.RecordGenTest" time="0.012"/>
  <system-out><![CDATA[]]></system-out>
  <system-err><![CDATA[]]></system-err>
</testsuite>
